Array
(
    [type] => PHPMAILER FAILURE
    [error] => SMTP Error: Could not connect to SMTP host.
    [Exception] => SMTP Error: Could not connect to SMTP host.
    [http_code] => 401
)
Array
(
    [type] => PHPMAILER FAILURE
    [error] => SMTP Error: Could not connect to SMTP host. Failed to connect to server SMTP server error: Failed to connect to server Additional SMTP info: php_network_getaddresses: getaddrinfo failed: No such host is known. 
    [Exception] => SMTP Error: Could not connect to SMTP host. Failed to connect to server
    [http_code] => 401
)
Array
(
    [type] => PHPMAILER FAILURE
    [error] => SMTP Error: Could not connect to SMTP host. Failed to connect to server SMTP server error: Failed to connect to server Additional SMTP info: php_network_getaddresses: getaddrinfo failed: No such host is known. 
    [Exception] => SMTP Error: Could not connect to SMTP host. Failed to connect to server
    [http_code] => 401
)
Array
(
    [type] => PHPMAILER FAILURE
    [error] => SMTP Error: Could not connect to SMTP host. Failed to connect to server SMTP server error: Failed to connect to server Additional SMTP info: php_network_getaddresses: getaddrinfo failed: No such host is known. 
    [Exception] => SMTP Error: Could not connect to SMTP host. Failed to connect to server
    [http_code] => 401
)
Array
(
    [type] => PHPMAILER FAILURE
    [error] => SMTP Error: Could not connect to SMTP host. Failed to connect to server SMTP server error: Failed to connect to server Additional SMTP info: php_network_getaddresses: getaddrinfo failed: No such host is known. 
    [Exception] => SMTP Error: Could not connect to SMTP host. Failed to connect to server
    [http_code] => 401
)
Array
(
    [type] => PHPMAILER FAILURE
    [error] => SMTP Error: Could not connect to SMTP host. Failed to connect to server SMTP server error: Failed to connect to server Additional SMTP info: php_network_getaddresses: getaddrinfo failed: No such host is known. 
    [Exception] => SMTP Error: Could not connect to SMTP host. Failed to connect to server
    [http_code] => 401
)
Array
(
    [type] => PHPMAILER FAILURE
    [error] => SMTP Error: Could not connect to SMTP host.
    [Exception] => SMTP Error: Could not connect to SMTP host.
    [http_code] => 401
)
Array
(
    [type] => PHPMAILER FAILURE
    [error] => SMTP Error: Could not connect to SMTP host.
    [Exception] => SMTP Error: Could not connect to SMTP host.
    [http_code] => 401
)
Array
(
    [type] => PHPMAILER FAILURE
    [error] => SMTP Error: Could not connect to SMTP host.
    [Exception] => SMTP Error: Could not connect to SMTP host.
    [http_code] => 401
)
Array
(
    [type] => PHPMAILER FAILURE
    [error] => SMTP Error: Could not connect to SMTP host.
    [Exception] => SMTP Error: Could not connect to SMTP host.
    [http_code] => 401
)
Array
(
    [type] => PHPMAILER FAILURE
    [error] => SMTP Error: Could not connect to SMTP host.
    [Exception] => SMTP Error: Could not connect to SMTP host.
    [http_code] => 401
)
Array
(
    [type] => PHPMAILER FAILURE
    [error] => SMTP Error: Could not connect to SMTP host. Connection failed. stream_socket_client(): SSL: The operation completed successfully SMTP server error: Connection failed. Detail: stream_socket_client(): SSL: The operation completed successfully SMTP code: 2
    [Exception] => SMTP Error: Could not connect to SMTP host. Connection failed. stream_socket_client(): SSL: The operation completed successfully
    [http_code] => 401
)
Array
(
    [type] => PHPMAILER FAILURE
    [error] => SMTP Error: Could not connect to SMTP host. Connection failed. stream_socket_client(): SSL: The operation completed successfully SMTP server error: Connection failed. Detail: stream_socket_client(): SSL: The operation completed successfully SMTP code: 2
    [Exception] => SMTP Error: Could not connect to SMTP host. Connection failed. stream_socket_client(): SSL: The operation completed successfully
    [http_code] => 401
)
Array
(
    [type] => PHPMAILER FAILURE
    [error] => SMTP Error: Could not connect to SMTP host. Connection failed. stream_socket_client(): SSL: The operation completed successfully SMTP server error: Connection failed. Detail: stream_socket_client(): SSL: The operation completed successfully SMTP code: 2
    [Exception] => SMTP Error: Could not connect to SMTP host. Connection failed. stream_socket_client(): SSL: The operation completed successfully
    [http_code] => 401
)
Array
(
    [type] => PHPMAILER FAILURE
    [error] => SMTP Error: Could not connect to SMTP host. Connection failed. stream_socket_client(): SSL: The operation completed successfully SMTP server error: Connection failed. Detail: stream_socket_client(): SSL: The operation completed successfully SMTP code: 2
    [Exception] => SMTP Error: Could not connect to SMTP host. Connection failed. stream_socket_client(): SSL: The operation completed successfully
    [http_code] => 401
)
Array
(
    [type] => PHPMAILER FAILURE
    [error] => SMTP Error: Could not connect to SMTP host. Connection failed. stream_socket_client(): SSL: The operation completed successfully SMTP server error: Connection failed. Detail: stream_socket_client(): SSL: The operation completed successfully SMTP code: 2
    [Exception] => SMTP Error: Could not connect to SMTP host. Connection failed. stream_socket_client(): SSL: The operation completed successfully
    [http_code] => 401
)
Array
(
    [type] => PHPMAILER FAILURE
    [error] => SMTP Error: Could not connect to SMTP host. Failed to connect to server SMTP server error: Failed to connect to server Additional SMTP info: php_network_getaddresses: getaddrinfo failed: This is usually a temporary error during hostname resolution and means that the local server did not receive a response from an authoritative server. 
    [Exception] => SMTP Error: Could not connect to SMTP host. Failed to connect to server
    [http_code] => 401
)
Array
(
    [type] => PHPMAILER FAILURE
    [error] => SMTP Error: Could not connect to SMTP host. Failed to connect to server SMTP server error: Failed to connect to server Additional SMTP info: php_network_getaddresses: getaddrinfo failed: This is usually a temporary error during hostname resolution and means that the local server did not receive a response from an authoritative server. 
    [Exception] => SMTP Error: Could not connect to SMTP host. Failed to connect to server
    [http_code] => 401
)
Array
(
    [type] => PHPMAILER FAILURE
    [error] => SMTP Error: Could not connect to SMTP host. Failed to connect to server SMTP server error: Failed to connect to server Additional SMTP info: php_network_getaddresses: getaddrinfo failed: No such host is known. 
    [Exception] => SMTP Error: Could not connect to SMTP host. Failed to connect to server
    [http_code] => 401
)
